Determining if the pthread_create exist failed with the following output:
Change Dir: /home/mackygero/Documents/WebServerSchemas/Server/cmake-build-debug/CMakeFiles/CMakeTmp

Run Build Command:"/usr/bin/make" "cmTC_52c6f/fast"
/usr/bin/make -f CMakeFiles/cmTC_52c6f.dir/build.make CMakeFiles/cmTC_52c6f.dir/build
make[1]: Entering directory `/home/mackygero/Documents/WebServerSchemas/Server/cmake-build-debug/CMakeFiles/CMakeTmp'
Building C object CMakeFiles/cmTC_52c6f.dir/CheckSymbolExists.c.o
/usr/bin/cc   -std=gnu11 -o CMakeFiles/cmTC_52c6f.dir/CheckSymbolExists.c.o   -c /home/mackygero/Documents/WebServerSchemas/Server/cmake-build-debug/CMakeFiles/CMakeTmp/CheckSymbolExists.c
Linking C executable cmTC_52c6f
/home/mackygero/Documents/clion-2017.2.2/bin/cmake/bin/cmake -E cmake_link_script CMakeFiles/cmTC_52c6f.dir/link.txt --verbose=1
/usr/bin/cc      CMakeFiles/cmTC_52c6f.dir/CheckSymbolExists.c.o  -o cmTC_52c6f 
CMakeFiles/cmTC_52c6f.dir/CheckSymbolExists.c.o: In function `main':
CheckSymbolExists.c:(.text+0x16): undefined reference to `pthread_create'
collect2: error: ld returned 1 exit status
make[1]: *** [cmTC_52c6f] Error 1
make[1]: Leaving directory `/home/mackygero/Documents/WebServerSchemas/Server/cmake-build-debug/CMakeFiles/CMakeTmp'
make: *** [cmTC_52c6f/fast] Error 2

File /home/mackygero/Documents/WebServerSchemas/Server/cmake-build-debug/CMakeFiles/CMakeTmp/CheckSymbolExists.c:
/* */
#include <pthread.h>

int main(int argc, char** argv)
{
  (void)argv;
#ifndef pthread_create
  return ((int*)(&pthread_create))[argc];
#else
  (void)argc;
  return 0;
#endif
}

Determining if the function pthread_create exists in the pthreads failed with the following output:
Change Dir: /home/mackygero/Documents/WebServerSchemas/Server/cmake-build-debug/CMakeFiles/CMakeTmp

Run Build Command:"/usr/bin/make" "cmTC_ab474/fast"
/usr/bin/make -f CMakeFiles/cmTC_ab474.dir/build.make CMakeFiles/cmTC_ab474.dir/build
make[1]: Entering directory `/home/mackygero/Documents/WebServerSchemas/Server/cmake-build-debug/CMakeFiles/CMakeTmp'
Building C object CMakeFiles/cmTC_ab474.dir/CheckFunctionExists.c.o
/usr/bin/cc   -DCHECK_FUNCTION_EXISTS=pthread_create   -std=gnu11 -o CMakeFiles/cmTC_ab474.dir/CheckFunctionExists.c.o   -c /home/mackygero/Documents/clion-2017.2.2/bin/cmake/share/cmake-3.8/Modules/CheckFunctionExists.c
Linking C executable cmTC_ab474
/home/mackygero/Documents/clion-2017.2.2/bin/cmake/bin/cmake -E cmake_link_script CMakeFiles/cmTC_ab474.dir/link.txt --verbose=1
/usr/bin/cc  -DCHECK_FUNCTION_EXISTS=pthread_create    CMakeFiles/cmTC_ab474.dir/CheckFunctionExists.c.o  -o cmTC_ab474 -lpthreads 
/usr/bin/ld: cannot find -lpthreads
collect2: error: ld returned 1 exit status
make[1]: *** [cmTC_ab474] Error 1
make[1]: Leaving directory `/home/mackygero/Documents/WebServerSchemas/Server/cmake-build-debug/CMakeFiles/CMakeTmp'
make: *** [cmTC_ab474/fast] Error 2


