Determining if the pthread_create exist failed with the following output:
Change Dir: /home/armando/Documentos/S.O/WebServerSchemas/Server/Bin/CMakeFiles/CMakeTmp

Run Build Command:"/usr/bin/make" "cmTC_60f43/fast"
/usr/bin/make -f CMakeFiles/cmTC_60f43.dir/build.make CMakeFiles/cmTC_60f43.dir/build
make[1]: se entra en el directorio '/home/armando/Documentos/S.O/WebServerSchemas/Server/Bin/CMakeFiles/CMakeTmp'
Building C object CMakeFiles/cmTC_60f43.dir/CheckSymbolExists.c.o
/usr/bin/cc   -std=gnu11 -o CMakeFiles/cmTC_60f43.dir/CheckSymbolExists.c.o   -c /home/armando/Documentos/S.O/WebServerSchemas/Server/Bin/CMakeFiles/CMakeTmp/CheckSymbolExists.c
Linking C executable cmTC_60f43
/usr/local/bin/cmake -E cmake_link_script CMakeFiles/cmTC_60f43.dir/link.txt --verbose=1
/usr/bin/cc      CMakeFiles/cmTC_60f43.dir/CheckSymbolExists.c.o  -o cmTC_60f43 
CMakeFiles/cmTC_60f43.dir/CheckSymbolExists.c.o: En la función `main':
CheckSymbolExists.c:(.text+0x16): referencia a `pthread_create' sin definir
collect2: error: ld returned 1 exit status
CMakeFiles/cmTC_60f43.dir/build.make:97: fallo en las instrucciones para el objetivo 'cmTC_60f43'
make[1]: *** [cmTC_60f43] Error 1
make[1]: se sale del directorio '/home/armando/Documentos/S.O/WebServerSchemas/Server/Bin/CMakeFiles/CMakeTmp'
Makefile:126: fallo en las instrucciones para el objetivo 'cmTC_60f43/fast'
make: *** [cmTC_60f43/fast] Error 2

File /home/armando/Documentos/S.O/WebServerSchemas/Server/Bin/CMakeFiles/CMakeTmp/CheckSymbolExists.c:
/* */
#include <pthread.h>

int main(int argc, char** argv)
{
  (void)argv;
#ifndef pthread_create
  return ((int*)(&pthread_create))[argc];
#else
  (void)argc;
  return 0;
#endif
}

Determining if the function pthread_create exists in the pthreads failed with the following output:
Change Dir: /home/armando/Documentos/S.O/WebServerSchemas/Server/Bin/CMakeFiles/CMakeTmp

Run Build Command:"/usr/bin/make" "cmTC_398f9/fast"
/usr/bin/make -f CMakeFiles/cmTC_398f9.dir/build.make CMakeFiles/cmTC_398f9.dir/build
make[1]: se entra en el directorio '/home/armando/Documentos/S.O/WebServerSchemas/Server/Bin/CMakeFiles/CMakeTmp'
Building C object CMakeFiles/cmTC_398f9.dir/CheckFunctionExists.c.o
/usr/bin/cc   -DCHECK_FUNCTION_EXISTS=pthread_create   -std=gnu11 -o CMakeFiles/cmTC_398f9.dir/CheckFunctionExists.c.o   -c /usr/local/share/cmake-3.8/Modules/CheckFunctionExists.c
Linking C executable cmTC_398f9
/usr/local/bin/cmake -E cmake_link_script CMakeFiles/cmTC_398f9.dir/link.txt --verbose=1
/usr/bin/cc  -DCHECK_FUNCTION_EXISTS=pthread_create    CMakeFiles/cmTC_398f9.dir/CheckFunctionExists.c.o  -o cmTC_398f9 -lpthreads 
/usr/bin/ld: no se puede encontrar -lpthreads
collect2: error: ld returned 1 exit status
CMakeFiles/cmTC_398f9.dir/build.make:97: fallo en las instrucciones para el objetivo 'cmTC_398f9'
make[1]: *** [cmTC_398f9] Error 1
make[1]: se sale del directorio '/home/armando/Documentos/S.O/WebServerSchemas/Server/Bin/CMakeFiles/CMakeTmp'
Makefile:126: fallo en las instrucciones para el objetivo 'cmTC_398f9/fast'
make: *** [cmTC_398f9/fast] Error 2


