Determining if the pthread_create exist failed with the following output:
Change Dir: /home/armando/Documentos/S.O/WebServerSchemas/Client/Bin/CMakeFiles/CMakeTmp

Run Build Command:"/usr/bin/make" "cmTC_7f5f5/fast"
make[1]: se entra en el directorio '/home/armando/Documentos/S.O/WebServerSchemas/Client/Bin/CMakeFiles/CMakeTmp'
/usr/bin/make -f CMakeFiles/cmTC_7f5f5.dir/build.make CMakeFiles/cmTC_7f5f5.dir/build
make[2]: se entra en el directorio '/home/armando/Documentos/S.O/WebServerSchemas/Client/Bin/CMakeFiles/CMakeTmp'
Building C object CMakeFiles/cmTC_7f5f5.dir/CheckSymbolExists.c.o
/usr/bin/cc   -std=gnu11 -o CMakeFiles/cmTC_7f5f5.dir/CheckSymbolExists.c.o   -c /home/armando/Documentos/S.O/WebServerSchemas/Client/Bin/CMakeFiles/CMakeTmp/CheckSymbolExists.c
Linking C executable cmTC_7f5f5
/usr/local/bin/cmake -E cmake_link_script CMakeFiles/cmTC_7f5f5.dir/link.txt --verbose=1
/usr/bin/cc      CMakeFiles/cmTC_7f5f5.dir/CheckSymbolExists.c.o  -o cmTC_7f5f5 
CMakeFiles/cmTC_7f5f5.dir/CheckSymbolExists.c.o: En la función `main':
CheckSymbolExists.c:(.text+0x16): referencia a `pthread_create' sin definir
collect2: error: ld returned 1 exit status
CMakeFiles/cmTC_7f5f5.dir/build.make:97: fallo en las instrucciones para el objetivo 'cmTC_7f5f5'
make[2]: *** [cmTC_7f5f5] Error 1
make[2]: se sale del directorio '/home/armando/Documentos/S.O/WebServerSchemas/Client/Bin/CMakeFiles/CMakeTmp'
Makefile:126: fallo en las instrucciones para el objetivo 'cmTC_7f5f5/fast'
make[1]: *** [cmTC_7f5f5/fast] Error 2
make[1]: se sale del directorio '/home/armando/Documentos/S.O/WebServerSchemas/Client/Bin/CMakeFiles/CMakeTmp'

File /home/armando/Documentos/S.O/WebServerSchemas/Client/Bin/CMakeFiles/CMakeTmp/CheckSymbolExists.c:
/* */
#include <pthread.h>

int main(int argc, char** argv)
{
  (void)argv;
#ifndef pthread_create
  return ((int*)(&pthread_create))[argc];
#else
  (void)argc;
  return 0;
#endif
}

Determining if the function pthread_create exists in the pthreads failed with the following output:
Change Dir: /home/armando/Documentos/S.O/WebServerSchemas/Client/Bin/CMakeFiles/CMakeTmp

Run Build Command:"/usr/bin/make" "cmTC_8a138/fast"
make[1]: se entra en el directorio '/home/armando/Documentos/S.O/WebServerSchemas/Client/Bin/CMakeFiles/CMakeTmp'
/usr/bin/make -f CMakeFiles/cmTC_8a138.dir/build.make CMakeFiles/cmTC_8a138.dir/build
make[2]: se entra en el directorio '/home/armando/Documentos/S.O/WebServerSchemas/Client/Bin/CMakeFiles/CMakeTmp'
Building C object CMakeFiles/cmTC_8a138.dir/CheckFunctionExists.c.o
/usr/bin/cc   -DCHECK_FUNCTION_EXISTS=pthread_create   -std=gnu11 -o CMakeFiles/cmTC_8a138.dir/CheckFunctionExists.c.o   -c /usr/local/share/cmake-3.8/Modules/CheckFunctionExists.c
Linking C executable cmTC_8a138
/usr/local/bin/cmake -E cmake_link_script CMakeFiles/cmTC_8a138.dir/link.txt --verbose=1
/usr/bin/cc  -DCHECK_FUNCTION_EXISTS=pthread_create    CMakeFiles/cmTC_8a138.dir/CheckFunctionExists.c.o  -o cmTC_8a138 -lpthreads 
/usr/bin/ld: no se puede encontrar -lpthreads
collect2: error: ld returned 1 exit status
CMakeFiles/cmTC_8a138.dir/build.make:97: fallo en las instrucciones para el objetivo 'cmTC_8a138'
make[2]: *** [cmTC_8a138] Error 1
make[2]: se sale del directorio '/home/armando/Documentos/S.O/WebServerSchemas/Client/Bin/CMakeFiles/CMakeTmp'
Makefile:126: fallo en las instrucciones para el objetivo 'cmTC_8a138/fast'
make[1]: *** [cmTC_8a138/fast] Error 2
make[1]: se sale del directorio '/home/armando/Documentos/S.O/WebServerSchemas/Client/Bin/CMakeFiles/CMakeTmp'


